<?xml version="1.0" encoding="UTF-8"?>
<!-- Generated by org.testng.reporters.JUnitReportReporter -->
<testsuite skipped="1" hostname="VM-W10-SAREYYI" name="Selenium.TestNG" tests="3" failures="0" timestamp="2021-09-01T12:27:38 EDT" time="0.019" errors="0">
  <testcase name="testng" time="0.011" classname="Selenium.TestNG"/>
  <system-out/>
  <testcase name="testng" time="0.005" classname="Selenium.TestNG"/>
  <system-out/>
  <testcase name="testng5" time="0.003" classname="Selenium.TestNG">
    <skipped/>
  </testcase> <!-- testng5 -->
  <system-out/>
</testsuite> <!-- Selenium.TestNG -->
